<?xml version="1.0" encoding="UTF-8"?>
<testng-results ignored="0" total="3" passed="3" failed="0" skipped="0">
  <reporter-output>
  </reporter-output>
  <suite started-at="2023-05-30T13:32:00 IST" name="ParallelExecution" finished-at="2023-05-30T13:32:37 IST" duration-ms="36730">
    <groups>
    </groups>
    <test started-at="2023-05-30T13:32:00 IST" name="ChromeTest" finished-at="2023-05-30T13:32:28 IST" duration-ms="27789">
      <class name="sel1.CrossBr">
        <test-method is-config="true" signature="setup(java.lang.String)[pri:0, instance:sel1.CrossBr@6572421]" started-at="2023-05-30T13:32:00 IST" name="setup" finished-at="2023-05-30T13:32:07 IST" duration-ms="7099" status="PASS">
          <params>
            <param index="0">
              <value>
                <![CDATA[chrome]]>
              </value>
            </param>
          </params>
          <reporter-output>
          </reporter-output>
        </test-method> <!-- setup -->
        <test-method signature="petStoreTC1()[pri:0, instance:sel1.CrossBr@6572421]" started-at="2023-05-30T13:32:07 IST" name="petStoreTC1" finished-at="2023-05-30T13:32:28 IST" duration-ms="20591" status="PASS">
          <reporter-output>
          </reporter-output>
        </test-method> <!-- petStoreTC1 -->
      </class> <!-- sel1.CrossBr -->
    </test> <!-- ChromeTest -->
    <test started-at="2023-05-30T13:32:00 IST" name="EdgeTest" finished-at="2023-05-30T13:32:29 IST" duration-ms="29011">
      <class name="sel1.CrossBr">
        <test-method is-config="true" signature="setup(java.lang.String)[pri:0, instance:sel1.CrossBr@2a798d51]" started-at="2023-05-30T13:32:00 IST" name="setup" finished-at="2023-05-30T13:32:07 IST" duration-ms="7099" status="PASS">
          <params>
            <param index="0">
              <value>
                <![CDATA[edge]]>
              </value>
            </param>
          </params>
          <reporter-output>
          </reporter-output>
        </test-method> <!-- setup -->
        <test-method signature="petStoreTC1()[pri:0, instance:sel1.CrossBr@2a798d51]" started-at="2023-05-30T13:32:07 IST" name="petStoreTC1" finished-at="2023-05-30T13:32:29 IST" duration-ms="21822" status="PASS">
          <reporter-output>
          </reporter-output>
        </test-method> <!-- petStoreTC1 -->
      </class> <!-- sel1.CrossBr -->
    </test> <!-- EdgeTest -->
    <test started-at="2023-05-30T13:32:00 IST" name="FirefoxTest" finished-at="2023-05-30T13:32:37 IST" duration-ms="36730">
      <class name="sel1.CrossBr">
        <test-method is-config="true" signature="setup(java.lang.String)[pri:0, instance:sel1.CrossBr@59fd97a8]" started-at="2023-05-30T13:32:00 IST" name="setup" finished-at="2023-05-30T13:32:17 IST" duration-ms="16607" status="PASS">
          <params>
            <param index="0">
              <value>
                <![CDATA[firefox]]>
              </value>
            </param>
          </params>
          <reporter-output>
          </reporter-output>
        </test-method> <!-- setup -->
        <test-method signature="petStoreTC1()[pri:0, instance:sel1.CrossBr@59fd97a8]" started-at="2023-05-30T13:32:17 IST" name="petStoreTC1" finished-at="2023-05-30T13:32:37 IST" duration-ms="20088" status="PASS">
          <reporter-output>
          </reporter-output>
        </test-method> <!-- petStoreTC1 -->
      </class> <!-- sel1.CrossBr -->
    </test> <!-- FirefoxTest -->
  </suite> <!-- ParallelExecution -->
</testng-results>
